[debug] [2026-04-28T22:48:14.139Z] ----------------------------------------------------------------------
[debug] [2026-04-28T22:48:14.141Z] Command:       C:\Users\Onepc\VScode-deals\node.exe C:\Users\Onepc\AppData\Roaming\npm\node_modules\firebase-tools\lib\bin\firebase.js init hosting
[debug] [2026-04-28T22:48:14.141Z] CLI Version:   15.15.0
[debug] [2026-04-28T22:48:14.142Z] Platform:      win32
[debug] [2026-04-28T22:48:14.142Z] Node Version:  v24.15.0
[debug] [2026-04-28T22:48:14.142Z] Time:          Wed Apr 29 2026 04:18:14 GMT+0530 (India Standard Time)
[debug] [2026-04-28T22:48:14.142Z] ----------------------------------------------------------------------
[debug] 
[debug] [2026-04-28T22:48:14.144Z] >>> [apiv2][query] GET https://firebase-public.firebaseio.com/cli.json [none]
[info] 
     ######## #### ########  ######## ########     ###     ######  ########
     ##        ##  ##     ## ##       ##     ##  ##   ##  ##       ##
     ######    ##  ########  ######   ########  #########  ######  ######
     ##        ##  ##    ##  ##       ##     ## ##     ##       ## ##
     ##       #### ##     ## ######## ########  ##     ##  ######  ########

You're about to initialize a Firebase project in this directory:

  C:\Users\Onepc\Desktop\Trail and ERROR\smart-retail\backend

[info] 
=== Project Setup
[info] 
[info] First, let's associate this project directory with a Firebase project.
[info] You can create multiple project aliases by running firebase use --add, 
[info] 
[debug] [2026-04-28T22:48:15.766Z] <<< [apiv2][status] GET https://firebase-public.firebaseio.com/cli.json 200
[debug] [2026-04-28T22:48:15.766Z] <<< [apiv2][body] GET https://firebase-public.firebaseio.com/cli.json {"cloudBuildErrorAfter":1594252800000,"cloudBuildWarnAfter":1590019200000,"defaultNode10After":1594252800000,"minVersion":"3.0.5","node8DeploysDisabledAfter":1613390400000,"node8RuntimeDisabledAfter":1615809600000,"node8WarnAfter":1600128000000}
[debug] [2026-04-28T22:49:20.341Z] > command requires scopes: ["email","openid","https://www.googleapis.com/auth/cloudplatformprojects.readonly","https://www.googleapis.com/auth/firebase","https://www.googleapis.com/auth/cloud-platform"]
[debug] [2026-04-28T22:49:20.341Z] > authorizing via signed-in user (manjumdrs7@gmail.com)
[debug] [2026-04-28T22:49:20.342Z] Checked if tokens are valid: false, expires at: 1777303371619
[debug] [2026-04-28T22:49:20.342Z] Checked if tokens are valid: false, expires at: 1777303371619
[debug] [2026-04-28T22:49:20.342Z] > refreshing access token with scopes: []
[debug] [2026-04-28T22:49:20.343Z] >>> [apiv2][query] POST https://www.googleapis.com/oauth2/v3/token [none]
[debug] [2026-04-28T22:49:20.343Z] >>> [apiv2][body] POST https://www.googleapis.com/oauth2/v3/token [omitted]
[debug] [2026-04-28T22:49:21.949Z] <<< [apiv2][status] POST https://www.googleapis.com/oauth2/v3/token 200
[debug] [2026-04-28T22:49:21.949Z] <<< [apiv2][body] POST https://www.googleapis.com/oauth2/v3/token [omitted]
[debug] [2026-04-28T22:49:21.957Z] >>> [apiv2][query] GET https://firebase.googleapis.com/v1beta1/projects pageSize=100
[debug] [2026-04-28T22:49:25.092Z] <<< [apiv2][status] GET https://firebase.googleapis.com/v1beta1/projects 200
[debug] [2026-04-28T22:49:25.092Z] <<< [apiv2][body] GET https://firebase.googleapis.com/v1beta1/projects [omitted]
[info] 
=== Hosting Setup
[debug] [2026-04-28T22:50:11.635Z] Checked if tokens are valid: true, expires at: 1777420160949
[debug] [2026-04-28T22:50:11.636Z] Checked if tokens are valid: true, expires at: 1777420160949
[debug] [2026-04-28T22:50:11.636Z] >>> [apiv2][query] GET https://firebase.googleapis.com/v1beta1/projects/smart-retail-automation [none]
[debug] [2026-04-28T22:50:14.318Z] <<< [apiv2][status] GET https://firebase.googleapis.com/v1beta1/projects/smart-retail-automation 200
[debug] [2026-04-28T22:50:14.318Z] <<< [apiv2][body] GET https://firebase.googleapis.com/v1beta1/projects/smart-retail-automation {"projectId":"smart-retail-automation","projectNumber":"775850945596","displayName":"SMART-RETAIL-AUTOMATION","name":"projects/smart-retail-automation","resources":{"hostingSite":"smart-retail-automation"},"state":"ACTIVE","etag":"1_2bfdef95-8631-4b1e-ae04-ba23902067f5"}
[info] 
[info] Your public directory is the folder (relative to your project directory) that
[info] will contain Hosting assets to be uploaded with firebase deploy. If you
[info] have a build process for your assets, use your build's output directory.
[info] 
[info] 
[info] i  Didn't detect a .git folder. Assuming C:\Users\Onepc\Desktop\Trail and ERROR\smart-retail\backend is the project root. 
[info] i  Authorizing with GitHub to upload your service account to a GitHub repository's secrets store. 
[info] 
[info] Visit this URL on this device to log in:
[info] https://github.com/login/oauth/authorize?client_id=89cf50f02ac6aaed3484&state=184951065&redirect_uri=http%3A%2F%2Flocalhost%3A9005&scope=read%3Auser%20repo%20public_repo
[info] 
[info] Waiting for authentication...
[debug] [2026-04-28T22:53:48.303Z] >>> [apiv2][query] POST https://github.com/login/oauth/access_token [none]
[debug] [2026-04-28T22:53:48.303Z] >>> [apiv2][body] POST https://github.com/login/oauth/access_token [stream]
[debug] [2026-04-28T22:53:48.826Z] <<< [apiv2][status] POST https://github.com/login/oauth/access_token 200
[debug] [2026-04-28T22:53:48.826Z] <<< [apiv2][body] POST https://github.com/login/oauth/access_token {"access_token":"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","token_type":"bearer","scope":"read:user,repo"}
[debug] [2026-04-28T22:53:48.838Z] >>> [apiv2][query] GET https://api.github.com/user [none]
[debug] [2026-04-28T22:53:49.351Z] <<< [apiv2][status] GET https://api.github.com/user 200
[debug] [2026-04-28T22:53:49.352Z] <<< [apiv2][body] GET https://api.github.com/user {"login":"Manjunathshanmukha","id":211486251,"node_id":"U_kgDODJsGKw","avatar_url":"https://avatars.githubusercontent.com/u/211486251?v=4","gravatar_id":"","url":"https://api.github.com/users/Manjunathshanmukha","html_url":"https://github.com/Manjunathshanmukha","followers_url":"https://api.github.com/users/Manjunathshanmukha/followers","following_url":"https://api.github.com/users/Manjunathshanmukha/following{/other_user}","gists_url":"https://api.github.com/users/Manjunathshanmukha/gists{/gist_id}","starred_url":"https://api.github.com/users/Manjunathshanmukha/starred{/owner}{/repo}","subscriptions_url":"https://api.github.com/users/Manjunathshanmukha/subscriptions","organizations_url":"https://api.github.com/users/Manjunathshanmukha/orgs","repos_url":"https://api.github.com/users/Manjunathshanmukha/repos","events_url":"https://api.github.com/users/Manjunathshanmukha/events{/privacy}","received_events_url":"https://api.github.com/users/Manjunathshanmukha/received_events","type":"User","user_view_type":"private","site_admin":false,"name":null,"company":null,"blog":"","location":null,"email":null,"hireable":null,"bio":null,"twitter_username":null,"notification_email":null,"public_repos":5,"public_gists":0,"followers":0,"following":1,"created_at":"2025-05-13T09:30:30Z","updated_at":"2026-03-24T15:12:45Z","private_gists":0,"total_private_repos":0,"owned_private_repos":0,"disk_usage":9,"collaborators":0,"two_factor_authentication":false,"plan":{"name":"free","space":976562499,"collaborators":0,"private_repos":10000}}
[info] 
[info] +  Success! Logged into GitHub as Manjunathshanmukha 
[info] 
[debug] [2026-04-28T23:03:36.104Z] >>> [apiv2][query] GET https://api.github.com/repos/user/actions/secrets/public-key type=owner
[debug] [2026-04-28T23:03:36.495Z] <<< [apiv2][status] GET https://api.github.com/repos/user/actions/secrets/public-key 404
[debug] [2026-04-28T23:03:36.495Z] <<< [apiv2][body] GET https://api.github.com/repos/user/actions/secrets/public-key {"message":"Not Found","documentation_url":"https://docs.github.com/rest","status":"404"}
[info] 
[info] 
[error] !  The provided authorization cannot be used with this repository. If this repository is in an organization, did you remember to grant access? 
[info] 
[info] i  Action required: Visit this URL to ensure access has been granted to the appropriate organization(s) for the Firebase CLI GitHub OAuth App: 
[info] https://github.com/settings/connections/applications/89cf50f02ac6aaed3484
[info] 
